ARM GAS  /tmp/cca7JyKi.s 			page 1


   1              		.cpu cortex-m4
   2              		.arch armv7e-m
   3              		.fpu fpv4-sp-d16
   4              		.eabi_attribute 27, 1
   5              		.eabi_attribute 28, 1
   6              		.eabi_attribute 20, 1
   7              		.eabi_attribute 21, 1
   8              		.eabi_attribute 23, 3
   9              		.eabi_attribute 24, 1
  10              		.eabi_attribute 25, 1
  11              		.eabi_attribute 26, 1
  12              		.eabi_attribute 30, 1
  13              		.eabi_attribute 34, 1
  14              		.eabi_attribute 18, 4
  15              		.file	"gpio.c"
  16              		.text
  17              	.Ltext0:
  18              		.cfi_sections	.debug_frame
  19              		.file 1 "Core/Src/gpio.c"
  20              		.section	.text.MX_GPIO_Init,"ax",%progbits
  21              		.align	1
  22              		.global	MX_GPIO_Init
  23              		.syntax unified
  24              		.thumb
  25              		.thumb_func
  27              	MX_GPIO_Init:
  28              	.LFB220:
   1:Core/Src/gpio.c **** /* USER CODE BEGIN Header */
   2:Core/Src/gpio.c **** /**
   3:Core/Src/gpio.c ****   ******************************************************************************
   4:Core/Src/gpio.c ****   * @file    gpio.c
   5:Core/Src/gpio.c ****   * @brief   This file provides code for the configuration
   6:Core/Src/gpio.c ****   *          of all used GPIO pins.
   7:Core/Src/gpio.c ****   ******************************************************************************
   8:Core/Src/gpio.c ****   * @attention
   9:Core/Src/gpio.c ****   *
  10:Core/Src/gpio.c ****   * Copyright (c) 2026 STMicroelectronics.
  11:Core/Src/gpio.c ****   * All rights reserved.
  12:Core/Src/gpio.c ****   *
  13:Core/Src/gpio.c ****   * This software is licensed under terms that can be found in the LICENSE file
  14:Core/Src/gpio.c ****   * in the root directory of this software component.
  15:Core/Src/gpio.c ****   * If no LICENSE file comes with this software, it is provided AS-IS.
  16:Core/Src/gpio.c ****   *
  17:Core/Src/gpio.c ****   ******************************************************************************
  18:Core/Src/gpio.c ****   */
  19:Core/Src/gpio.c **** /* USER CODE END Header */
  20:Core/Src/gpio.c **** 
  21:Core/Src/gpio.c **** /* Includes ------------------------------------------------------------------*/
  22:Core/Src/gpio.c **** #include "gpio.h"
  23:Core/Src/gpio.c **** 
  24:Core/Src/gpio.c **** /* USER CODE BEGIN 0 */
  25:Core/Src/gpio.c **** 
  26:Core/Src/gpio.c **** /* USER CODE END 0 */
  27:Core/Src/gpio.c **** 
  28:Core/Src/gpio.c **** /*----------------------------------------------------------------------------*/
  29:Core/Src/gpio.c **** /* Configure GPIO                                                             */
  30:Core/Src/gpio.c **** /*----------------------------------------------------------------------------*/
ARM GAS  /tmp/cca7JyKi.s 			page 2


  31:Core/Src/gpio.c **** /* USER CODE BEGIN 1 */
  32:Core/Src/gpio.c **** 
  33:Core/Src/gpio.c **** /* USER CODE END 1 */
  34:Core/Src/gpio.c **** 
  35:Core/Src/gpio.c **** /** Configure pins as
  36:Core/Src/gpio.c ****         * Analog
  37:Core/Src/gpio.c ****         * Input
  38:Core/Src/gpio.c ****         * Output
  39:Core/Src/gpio.c ****         * EVENT_OUT
  40:Core/Src/gpio.c ****         * EXTI
  41:Core/Src/gpio.c **** */
  42:Core/Src/gpio.c **** void MX_GPIO_Init(void)
  43:Core/Src/gpio.c **** {
  29              		.loc 1 43 1 view -0
  30              		.cfi_startproc
  31              		@ args = 0, pretend = 0, frame = 40
  32              		@ frame_needed = 0, uses_anonymous_args = 0
  33 0000 F0B5     		push	{r4, r5, r6, r7, lr}
  34              	.LCFI0:
  35              		.cfi_def_cfa_offset 20
  36              		.cfi_offset 4, -20
  37              		.cfi_offset 5, -16
  38              		.cfi_offset 6, -12
  39              		.cfi_offset 7, -8
  40              		.cfi_offset 14, -4
  41 0002 8BB0     		sub	sp, sp, #44
  42              	.LCFI1:
  43              		.cfi_def_cfa_offset 64
  44:Core/Src/gpio.c **** 
  45:Core/Src/gpio.c ****   GPIO_InitTypeDef GPIO_InitStruct = {0};
  44              		.loc 1 45 3 view .LVU1
  45              		.loc 1 45 20 is_stmt 0 view .LVU2
  46 0004 0024     		movs	r4, #0
  47 0006 0594     		str	r4, [sp, #20]
  48 0008 0694     		str	r4, [sp, #24]
  49 000a 0794     		str	r4, [sp, #28]
  50 000c 0894     		str	r4, [sp, #32]
  51 000e 0994     		str	r4, [sp, #36]
  46:Core/Src/gpio.c **** 
  47:Core/Src/gpio.c ****   /* GPIO Ports Clock Enable */
  48:Core/Src/gpio.c ****   __HAL_RCC_GPIOC_CLK_ENABLE();
  52              		.loc 1 48 3 is_stmt 1 view .LVU3
  53              	.LBB2:
  54              		.loc 1 48 3 view .LVU4
  55 0010 0194     		str	r4, [sp, #4]
  56              		.loc 1 48 3 view .LVU5
  57 0012 334B     		ldr	r3, .L3
  58 0014 1A6B     		ldr	r2, [r3, #48]
  59 0016 42F00402 		orr	r2, r2, #4
  60 001a 1A63     		str	r2, [r3, #48]
  61              		.loc 1 48 3 view .LVU6
  62 001c 1A6B     		ldr	r2, [r3, #48]
  63 001e 02F00402 		and	r2, r2, #4
  64 0022 0192     		str	r2, [sp, #4]
  65              		.loc 1 48 3 view .LVU7
  66 0024 019A     		ldr	r2, [sp, #4]
  67              	.LBE2:
ARM GAS  /tmp/cca7JyKi.s 			page 3


  68              		.loc 1 48 3 view .LVU8
  49:Core/Src/gpio.c ****   __HAL_RCC_GPIOH_CLK_ENABLE();
  69              		.loc 1 49 3 view .LVU9
  70              	.LBB3:
  71              		.loc 1 49 3 view .LVU10
  72 0026 0294     		str	r4, [sp, #8]
  73              		.loc 1 49 3 view .LVU11
  74 0028 1A6B     		ldr	r2, [r3, #48]
  75 002a 42F08002 		orr	r2, r2, #128
  76 002e 1A63     		str	r2, [r3, #48]
  77              		.loc 1 49 3 view .LVU12
  78 0030 1A6B     		ldr	r2, [r3, #48]
  79 0032 02F08002 		and	r2, r2, #128
  80 0036 0292     		str	r2, [sp, #8]
  81              		.loc 1 49 3 view .LVU13
  82 0038 029A     		ldr	r2, [sp, #8]
  83              	.LBE3:
  84              		.loc 1 49 3 view .LVU14
  50:Core/Src/gpio.c ****   __HAL_RCC_GPIOA_CLK_ENABLE();
  85              		.loc 1 50 3 view .LVU15
  86              	.LBB4:
  87              		.loc 1 50 3 view .LVU16
  88 003a 0394     		str	r4, [sp, #12]
  89              		.loc 1 50 3 view .LVU17
  90 003c 1A6B     		ldr	r2, [r3, #48]
  91 003e 42F00102 		orr	r2, r2, #1
  92 0042 1A63     		str	r2, [r3, #48]
  93              		.loc 1 50 3 view .LVU18
  94 0044 1A6B     		ldr	r2, [r3, #48]
  95 0046 02F00102 		and	r2, r2, #1
  96 004a 0392     		str	r2, [sp, #12]
  97              		.loc 1 50 3 view .LVU19
  98 004c 039A     		ldr	r2, [sp, #12]
  99              	.LBE4:
 100              		.loc 1 50 3 view .LVU20
  51:Core/Src/gpio.c ****   __HAL_RCC_GPIOB_CLK_ENABLE();
 101              		.loc 1 51 3 view .LVU21
 102              	.LBB5:
 103              		.loc 1 51 3 view .LVU22
 104 004e 0494     		str	r4, [sp, #16]
 105              		.loc 1 51 3 view .LVU23
 106 0050 1A6B     		ldr	r2, [r3, #48]
 107 0052 42F00202 		orr	r2, r2, #2
 108 0056 1A63     		str	r2, [r3, #48]
 109              		.loc 1 51 3 view .LVU24
 110 0058 1B6B     		ldr	r3, [r3, #48]
 111 005a 03F00203 		and	r3, r3, #2
 112 005e 0493     		str	r3, [sp, #16]
 113              		.loc 1 51 3 view .LVU25
 114 0060 049B     		ldr	r3, [sp, #16]
 115              	.LBE5:
 116              		.loc 1 51 3 view .LVU26
  52:Core/Src/gpio.c **** 
  53:Core/Src/gpio.c ****   /*Configure GPIO pin Output Level */
  54:Core/Src/gpio.c ****   HAL_GPIO_WritePin(LEDS_PWR_EN_GPIO_Port, LEDS_PWR_EN_Pin, GPIO_PIN_RESET);
 117              		.loc 1 54 3 view .LVU27
 118 0062 204E     		ldr	r6, .L3+4
ARM GAS  /tmp/cca7JyKi.s 			page 4


 119 0064 2246     		mov	r2, r4
 120 0066 0221     		movs	r1, #2
 121 0068 3046     		mov	r0, r6
 122 006a FFF7FEFF 		bl	HAL_GPIO_WritePin
 123              	.LVL0:
  55:Core/Src/gpio.c **** 
  56:Core/Src/gpio.c ****   /*Configure GPIO pin Output Level */
  57:Core/Src/gpio.c ****   HAL_GPIO_WritePin(GPIOB, BAT_STATUS_Pin|BAT_CHARGING_STATUS_Pin|SD_CARD_NCS_Pin|BAT_NCE_Pin, GPIO
 124              		.loc 1 57 3 view .LVU28
 125 006e 1E4D     		ldr	r5, .L3+8
 126 0070 2246     		mov	r2, r4
 127 0072 41F20611 		movw	r1, #4358
 128 0076 2846     		mov	r0, r5
 129 0078 FFF7FEFF 		bl	HAL_GPIO_WritePin
 130              	.LVL1:
  58:Core/Src/gpio.c **** 
  59:Core/Src/gpio.c ****   /*Configure GPIO pin : DAC_GPO_Pin */
  60:Core/Src/gpio.c ****   GPIO_InitStruct.Pin = DAC_GPO_Pin;
 131              		.loc 1 60 3 view .LVU29
 132              		.loc 1 60 23 is_stmt 0 view .LVU30
 133 007c 4FF48043 		mov	r3, #16384
 134 0080 0593     		str	r3, [sp, #20]
  61:Core/Src/gpio.c ****   GPIO_InitStruct.Mode = GPIO_MODE_INPUT;
 135              		.loc 1 61 3 is_stmt 1 view .LVU31
 136              		.loc 1 61 24 is_stmt 0 view .LVU32
 137 0082 0694     		str	r4, [sp, #24]
  62:Core/Src/gpio.c ****   GPIO_InitStruct.Pull = GPIO_NOPULL;
 138              		.loc 1 62 3 is_stmt 1 view .LVU33
 139              		.loc 1 62 24 is_stmt 0 view .LVU34
 140 0084 0794     		str	r4, [sp, #28]
  63:Core/Src/gpio.c ****   HAL_GPIO_Init(DAC_GPO_GPIO_Port, &GPIO_InitStruct);
 141              		.loc 1 63 3 is_stmt 1 view .LVU35
 142 0086 05A9     		add	r1, sp, #20
 143 0088 1848     		ldr	r0, .L3+12
 144 008a FFF7FEFF 		bl	HAL_GPIO_Init
 145              	.LVL2:
  64:Core/Src/gpio.c **** 
  65:Core/Src/gpio.c ****   /*Configure GPIO pin : LEDS_PWR_EN_Pin */
  66:Core/Src/gpio.c ****   GPIO_InitStruct.Pin = LEDS_PWR_EN_Pin;
 146              		.loc 1 66 3 view .LVU36
 147              		.loc 1 66 23 is_stmt 0 view .LVU37
 148 008e 0223     		movs	r3, #2
 149 0090 0593     		str	r3, [sp, #20]
  67:Core/Src/gpio.c ****   GPIO_InitStruct.Mode = GPIO_MODE_OUTPUT_PP;
 150              		.loc 1 67 3 is_stmt 1 view .LVU38
 151              		.loc 1 67 24 is_stmt 0 view .LVU39
 152 0092 0127     		movs	r7, #1
 153 0094 0697     		str	r7, [sp, #24]
  68:Core/Src/gpio.c ****   GPIO_InitStruct.Pull = GPIO_NOPULL;
 154              		.loc 1 68 3 is_stmt 1 view .LVU40
 155              		.loc 1 68 24 is_stmt 0 view .LVU41
 156 0096 0794     		str	r4, [sp, #28]
  69:Core/Src/gpio.c ****   GPIO_InitStruct.Speed = GPIO_SPEED_FREQ_LOW;
 157              		.loc 1 69 3 is_stmt 1 view .LVU42
 158              		.loc 1 69 25 is_stmt 0 view .LVU43
 159 0098 0894     		str	r4, [sp, #32]
  70:Core/Src/gpio.c ****   HAL_GPIO_Init(LEDS_PWR_EN_GPIO_Port, &GPIO_InitStruct);
ARM GAS  /tmp/cca7JyKi.s 			page 5


 160              		.loc 1 70 3 is_stmt 1 view .LVU44
 161 009a 05A9     		add	r1, sp, #20
 162 009c 3046     		mov	r0, r6
 163 009e FFF7FEFF 		bl	HAL_GPIO_Init
 164              	.LVL3:
  71:Core/Src/gpio.c **** 
  72:Core/Src/gpio.c ****   /*Configure GPIO pins : BUTTON_1_Pin BUTTON_2_Pin SD_CARD_NCD_Pin BUTTON_4_Pin
  73:Core/Src/gpio.c ****                            BUTTON_3_Pin */
  74:Core/Src/gpio.c ****   GPIO_InitStruct.Pin = BUTTON_1_Pin|BUTTON_2_Pin|SD_CARD_NCD_Pin|BUTTON_4_Pin
 165              		.loc 1 74 3 view .LVU45
 166              		.loc 1 74 23 is_stmt 0 view .LVU46
 167 00a2 40F20C73 		movw	r3, #1804
 168 00a6 0593     		str	r3, [sp, #20]
  75:Core/Src/gpio.c ****                           |BUTTON_3_Pin;
  76:Core/Src/gpio.c ****   GPIO_InitStruct.Mode = GPIO_MODE_INPUT;
 169              		.loc 1 76 3 is_stmt 1 view .LVU47
 170              		.loc 1 76 24 is_stmt 0 view .LVU48
 171 00a8 0694     		str	r4, [sp, #24]
  77:Core/Src/gpio.c ****   GPIO_InitStruct.Pull = GPIO_NOPULL;
 172              		.loc 1 77 3 is_stmt 1 view .LVU49
 173              		.loc 1 77 24 is_stmt 0 view .LVU50
 174 00aa 0794     		str	r4, [sp, #28]
  78:Core/Src/gpio.c ****   HAL_GPIO_Init(GPIOA, &GPIO_InitStruct);
 175              		.loc 1 78 3 is_stmt 1 view .LVU51
 176 00ac 05A9     		add	r1, sp, #20
 177 00ae 3046     		mov	r0, r6
 178 00b0 FFF7FEFF 		bl	HAL_GPIO_Init
 179              	.LVL4:
  79:Core/Src/gpio.c **** 
  80:Core/Src/gpio.c ****   /*Configure GPIO pins : BAT_STATUS_Pin BAT_CHARGING_STATUS_Pin SD_CARD_NCS_Pin BAT_NCE_Pin */
  81:Core/Src/gpio.c ****   GPIO_InitStruct.Pin = BAT_STATUS_Pin|BAT_CHARGING_STATUS_Pin|SD_CARD_NCS_Pin|BAT_NCE_Pin;
 180              		.loc 1 81 3 view .LVU52
 181              		.loc 1 81 23 is_stmt 0 view .LVU53
 182 00b4 41F20613 		movw	r3, #4358
 183 00b8 0593     		str	r3, [sp, #20]
  82:Core/Src/gpio.c ****   GPIO_InitStruct.Mode = GPIO_MODE_OUTPUT_PP;
 184              		.loc 1 82 3 is_stmt 1 view .LVU54
 185              		.loc 1 82 24 is_stmt 0 view .LVU55
 186 00ba 0697     		str	r7, [sp, #24]
  83:Core/Src/gpio.c ****   GPIO_InitStruct.Pull = GPIO_NOPULL;
 187              		.loc 1 83 3 is_stmt 1 view .LVU56
 188              		.loc 1 83 24 is_stmt 0 view .LVU57
 189 00bc 0794     		str	r4, [sp, #28]
  84:Core/Src/gpio.c ****   GPIO_InitStruct.Speed = GPIO_SPEED_FREQ_LOW;
 190              		.loc 1 84 3 is_stmt 1 view .LVU58
 191              		.loc 1 84 25 is_stmt 0 view .LVU59
 192 00be 0894     		str	r4, [sp, #32]
  85:Core/Src/gpio.c ****   HAL_GPIO_Init(GPIOB, &GPIO_InitStruct);
 193              		.loc 1 85 3 is_stmt 1 view .LVU60
 194 00c0 05A9     		add	r1, sp, #20
 195 00c2 2846     		mov	r0, r5
 196 00c4 FFF7FEFF 		bl	HAL_GPIO_Init
 197              	.LVL5:
  86:Core/Src/gpio.c **** 
  87:Core/Src/gpio.c ****   /*Configure GPIO pins : BAT_NPG_Pin BAT_STAT_Pin BAT_INT_Pin */
  88:Core/Src/gpio.c ****   GPIO_InitStruct.Pin = BAT_NPG_Pin|BAT_STAT_Pin|BAT_INT_Pin;
 198              		.loc 1 88 3 view .LVU61
ARM GAS  /tmp/cca7JyKi.s 			page 6


 199              		.loc 1 88 23 is_stmt 0 view .LVU62
 200 00c8 4FF40C73 		mov	r3, #560
 201 00cc 0593     		str	r3, [sp, #20]
  89:Core/Src/gpio.c ****   GPIO_InitStruct.Mode = GPIO_MODE_INPUT;
 202              		.loc 1 89 3 is_stmt 1 view .LVU63
 203              		.loc 1 89 24 is_stmt 0 view .LVU64
 204 00ce 0694     		str	r4, [sp, #24]
  90:Core/Src/gpio.c ****   GPIO_InitStruct.Pull = GPIO_NOPULL;
 205              		.loc 1 90 3 is_stmt 1 view .LVU65
 206              		.loc 1 90 24 is_stmt 0 view .LVU66
 207 00d0 0794     		str	r4, [sp, #28]
  91:Core/Src/gpio.c ****   HAL_GPIO_Init(GPIOB, &GPIO_InitStruct);
 208              		.loc 1 91 3 is_stmt 1 view .LVU67
 209 00d2 05A9     		add	r1, sp, #20
 210 00d4 2846     		mov	r0, r5
 211 00d6 FFF7FEFF 		bl	HAL_GPIO_Init
 212              	.LVL6:
  92:Core/Src/gpio.c **** 
  93:Core/Src/gpio.c **** }
 213              		.loc 1 93 1 is_stmt 0 view .LVU68
 214 00da 0BB0     		add	sp, sp, #44
 215              	.LCFI2:
 216              		.cfi_def_cfa_offset 20
 217              		@ sp needed
 218 00dc F0BD     		pop	{r4, r5, r6, r7, pc}
 219              	.L4:
 220 00de 00BF     		.align	2
 221              	.L3:
 222 00e0 00380240 		.word	1073887232
 223 00e4 00000240 		.word	1073872896
 224 00e8 00040240 		.word	1073873920
 225 00ec 00080240 		.word	1073874944
 226              		.cfi_endproc
 227              	.LFE220:
 229              		.text
 230              	.Letext0:
 231              		.file 2 "/usr/lib/gcc/arm-none-eabi/13.2.1/include/stdint.h"
 232              		.file 3 "Drivers/CMSIS/Device/ST/STM32F4xx/Include/stm32f411xe.h"
 233              		.file 4 "Drivers/STM32F4xx_HAL_Driver/Inc/stm32f4xx_hal_gpio.h"
ARM GAS  /tmp/cca7JyKi.s 			page 7


DEFINED SYMBOLS
                            *ABS*:00000000 gpio.c
     /tmp/cca7JyKi.s:21     .text.MX_GPIO_Init:00000000 $t
     /tmp/cca7JyKi.s:27     .text.MX_GPIO_Init:00000000 MX_GPIO_Init
     /tmp/cca7JyKi.s:222    .text.MX_GPIO_Init:000000e0 $d

UNDEFINED SYMBOLS
HAL_GPIO_WritePin
HAL_GPIO_Init
