ARM GAS  /tmp/cctD19pC.s 			page 1


   1              		.cpu cortex-m4
   2              		.arch armv7e-m
   3              		.fpu fpv4-sp-d16
   4              		.eabi_attribute 27, 1
   5              		.eabi_attribute 28, 1
   6              		.eabi_attribute 20, 1
   7              		.eabi_attribute 21, 1
   8              		.eabi_attribute 23, 3
   9              		.eabi_attribute 24, 1
  10              		.eabi_attribute 25, 1
  11              		.eabi_attribute 26, 1
  12              		.eabi_attribute 30, 1
  13              		.eabi_attribute 34, 1
  14              		.eabi_attribute 18, 4
  15              		.file	"tim.c"
  16              		.text
  17              	.Ltext0:
  18              		.cfi_sections	.debug_frame
  19              		.file 1 "Core/Src/tim.c"
  20              		.section	.text.HAL_TIM_PWM_MspInit,"ax",%progbits
  21              		.align	1
  22              		.global	HAL_TIM_PWM_MspInit
  23              		.syntax unified
  24              		.thumb
  25              		.thumb_func
  27              	HAL_TIM_PWM_MspInit:
  28              	.LVL0:
  29              	.LFB221:
   1:Core/Src/tim.c **** /* USER CODE BEGIN Header */
   2:Core/Src/tim.c **** /**
   3:Core/Src/tim.c ****   ******************************************************************************
   4:Core/Src/tim.c ****   * @file    tim.c
   5:Core/Src/tim.c ****   * @brief   This file provides code for the configuration
   6:Core/Src/tim.c ****   *          of the TIM instances.
   7:Core/Src/tim.c ****   ******************************************************************************
   8:Core/Src/tim.c ****   * @attention
   9:Core/Src/tim.c ****   *
  10:Core/Src/tim.c ****   * Copyright (c) 2026 STMicroelectronics.
  11:Core/Src/tim.c ****   * All rights reserved.
  12:Core/Src/tim.c ****   *
  13:Core/Src/tim.c ****   * This software is licensed under terms that can be found in the LICENSE file
  14:Core/Src/tim.c ****   * in the root directory of this software component.
  15:Core/Src/tim.c ****   * If no LICENSE file comes with this software, it is provided AS-IS.
  16:Core/Src/tim.c ****   *
  17:Core/Src/tim.c ****   ******************************************************************************
  18:Core/Src/tim.c ****   */
  19:Core/Src/tim.c **** /* USER CODE END Header */
  20:Core/Src/tim.c **** /* Includes ------------------------------------------------------------------*/
  21:Core/Src/tim.c **** #include "tim.h"
  22:Core/Src/tim.c **** 
  23:Core/Src/tim.c **** /* USER CODE BEGIN 0 */
  24:Core/Src/tim.c **** 
  25:Core/Src/tim.c **** /* USER CODE END 0 */
  26:Core/Src/tim.c **** 
  27:Core/Src/tim.c **** TIM_HandleTypeDef htim2;
  28:Core/Src/tim.c **** DMA_HandleTypeDef hdma_tim2_ch1;
  29:Core/Src/tim.c **** 
ARM GAS  /tmp/cctD19pC.s 			page 2


  30:Core/Src/tim.c **** /* TIM2 init function */
  31:Core/Src/tim.c **** void MX_TIM2_Init(void)
  32:Core/Src/tim.c **** {
  33:Core/Src/tim.c **** 
  34:Core/Src/tim.c ****   /* USER CODE BEGIN TIM2_Init 0 */
  35:Core/Src/tim.c **** 
  36:Core/Src/tim.c ****   /* USER CODE END TIM2_Init 0 */
  37:Core/Src/tim.c **** 
  38:Core/Src/tim.c ****   TIM_MasterConfigTypeDef sMasterConfig = {0};
  39:Core/Src/tim.c ****   TIM_OC_InitTypeDef sConfigOC = {0};
  40:Core/Src/tim.c **** 
  41:Core/Src/tim.c ****   /* USER CODE BEGIN TIM2_Init 1 */
  42:Core/Src/tim.c **** 
  43:Core/Src/tim.c ****   /* USER CODE END TIM2_Init 1 */
  44:Core/Src/tim.c ****   htim2.Instance = TIM2;
  45:Core/Src/tim.c ****   htim2.Init.Prescaler = 0;
  46:Core/Src/tim.c ****   htim2.Init.CounterMode = TIM_COUNTERMODE_UP;
  47:Core/Src/tim.c ****   htim2.Init.Period = 4294967295;
  48:Core/Src/tim.c ****   htim2.Init.ClockDivision = TIM_CLOCKDIVISION_DIV1;
  49:Core/Src/tim.c ****   htim2.Init.AutoReloadPreload = TIM_AUTORELOAD_PRELOAD_DISABLE;
  50:Core/Src/tim.c ****   if (HAL_TIM_PWM_Init(&htim2) != HAL_OK)
  51:Core/Src/tim.c ****   {
  52:Core/Src/tim.c ****     Error_Handler();
  53:Core/Src/tim.c ****   }
  54:Core/Src/tim.c ****   sMasterConfig.MasterOutputTrigger = TIM_TRGO_RESET;
  55:Core/Src/tim.c ****   sMasterConfig.MasterSlaveMode = TIM_MASTERSLAVEMODE_DISABLE;
  56:Core/Src/tim.c ****   if (HAL_TIMEx_MasterConfigSynchronization(&htim2, &sMasterConfig) != HAL_OK)
  57:Core/Src/tim.c ****   {
  58:Core/Src/tim.c ****     Error_Handler();
  59:Core/Src/tim.c ****   }
  60:Core/Src/tim.c ****   sConfigOC.OCMode = TIM_OCMODE_PWM1;
  61:Core/Src/tim.c ****   sConfigOC.Pulse = 0;
  62:Core/Src/tim.c ****   sConfigOC.OCPolarity = TIM_OCPOLARITY_HIGH;
  63:Core/Src/tim.c ****   sConfigOC.OCFastMode = TIM_OCFAST_DISABLE;
  64:Core/Src/tim.c ****   if (HAL_TIM_PWM_ConfigChannel(&htim2, &sConfigOC, TIM_CHANNEL_1) != HAL_OK)
  65:Core/Src/tim.c ****   {
  66:Core/Src/tim.c ****     Error_Handler();
  67:Core/Src/tim.c ****   }
  68:Core/Src/tim.c ****   /* USER CODE BEGIN TIM2_Init 2 */
  69:Core/Src/tim.c **** 
  70:Core/Src/tim.c ****   /* USER CODE END TIM2_Init 2 */
  71:Core/Src/tim.c ****   HAL_TIM_MspPostInit(&htim2);
  72:Core/Src/tim.c **** 
  73:Core/Src/tim.c **** }
  74:Core/Src/tim.c **** 
  75:Core/Src/tim.c **** void HAL_TIM_PWM_MspInit(TIM_HandleTypeDef* tim_pwmHandle)
  76:Core/Src/tim.c **** {
  30              		.loc 1 76 1 view -0
  31              		.cfi_startproc
  32              		@ args = 0, pretend = 0, frame = 8
  33              		@ frame_needed = 0, uses_anonymous_args = 0
  77:Core/Src/tim.c **** 
  78:Core/Src/tim.c ****   if(tim_pwmHandle->Instance==TIM2)
  34              		.loc 1 78 3 view .LVU1
  35              		.loc 1 78 19 is_stmt 0 view .LVU2
  36 0000 0368     		ldr	r3, [r0]
  37              		.loc 1 78 5 view .LVU3
ARM GAS  /tmp/cctD19pC.s 			page 3


  38 0002 B3F1804F 		cmp	r3, #1073741824
  39 0006 00D0     		beq	.L8
  40 0008 7047     		bx	lr
  41              	.L8:
  76:Core/Src/tim.c **** 
  42              		.loc 1 76 1 view .LVU4
  43 000a 10B5     		push	{r4, lr}
  44              	.LCFI0:
  45              		.cfi_def_cfa_offset 8
  46              		.cfi_offset 4, -8
  47              		.cfi_offset 14, -4
  48 000c 82B0     		sub	sp, sp, #8
  49              	.LCFI1:
  50              		.cfi_def_cfa_offset 16
  51 000e 0446     		mov	r4, r0
  79:Core/Src/tim.c ****   {
  80:Core/Src/tim.c ****   /* USER CODE BEGIN TIM2_MspInit 0 */
  81:Core/Src/tim.c **** 
  82:Core/Src/tim.c ****   /* USER CODE END TIM2_MspInit 0 */
  83:Core/Src/tim.c ****     /* TIM2 clock enable */
  84:Core/Src/tim.c ****     __HAL_RCC_TIM2_CLK_ENABLE();
  52              		.loc 1 84 5 is_stmt 1 view .LVU5
  53              	.LBB2:
  54              		.loc 1 84 5 view .LVU6
  55 0010 0023     		movs	r3, #0
  56 0012 0193     		str	r3, [sp, #4]
  57              		.loc 1 84 5 view .LVU7
  58 0014 144A     		ldr	r2, .L10
  59 0016 116C     		ldr	r1, [r2, #64]
  60 0018 41F00101 		orr	r1, r1, #1
  61 001c 1164     		str	r1, [r2, #64]
  62              		.loc 1 84 5 view .LVU8
  63 001e 126C     		ldr	r2, [r2, #64]
  64 0020 02F00102 		and	r2, r2, #1
  65 0024 0192     		str	r2, [sp, #4]
  66              		.loc 1 84 5 view .LVU9
  67 0026 019A     		ldr	r2, [sp, #4]
  68              	.LBE2:
  69              		.loc 1 84 5 view .LVU10
  85:Core/Src/tim.c **** 
  86:Core/Src/tim.c ****     /* TIM2 DMA Init */
  87:Core/Src/tim.c ****     /* TIM2_CH1 Init */
  88:Core/Src/tim.c ****     hdma_tim2_ch1.Instance = DMA1_Stream5;
  70              		.loc 1 88 5 view .LVU11
  71              		.loc 1 88 28 is_stmt 0 view .LVU12
  72 0028 1048     		ldr	r0, .L10+4
  73              	.LVL1:
  74              		.loc 1 88 28 view .LVU13
  75 002a 114A     		ldr	r2, .L10+8
  76 002c 0260     		str	r2, [r0]
  89:Core/Src/tim.c ****     hdma_tim2_ch1.Init.Channel = DMA_CHANNEL_3;
  77              		.loc 1 89 5 is_stmt 1 view .LVU14
  78              		.loc 1 89 32 is_stmt 0 view .LVU15
  79 002e 4FF0C062 		mov	r2, #100663296
  80 0032 4260     		str	r2, [r0, #4]
  90:Core/Src/tim.c ****     hdma_tim2_ch1.Init.Direction = DMA_MEMORY_TO_PERIPH;
  81              		.loc 1 90 5 is_stmt 1 view .LVU16
ARM GAS  /tmp/cctD19pC.s 			page 4


  82              		.loc 1 90 34 is_stmt 0 view .LVU17
  83 0034 4022     		movs	r2, #64
  84 0036 8260     		str	r2, [r0, #8]
  91:Core/Src/tim.c ****     hdma_tim2_ch1.Init.PeriphInc = DMA_PINC_DISABLE;
  85              		.loc 1 91 5 is_stmt 1 view .LVU18
  86              		.loc 1 91 34 is_stmt 0 view .LVU19
  87 0038 C360     		str	r3, [r0, #12]
  92:Core/Src/tim.c ****     hdma_tim2_ch1.Init.MemInc = DMA_MINC_ENABLE;
  88              		.loc 1 92 5 is_stmt 1 view .LVU20
  89              		.loc 1 92 31 is_stmt 0 view .LVU21
  90 003a 4FF48062 		mov	r2, #1024
  91 003e 0261     		str	r2, [r0, #16]
  93:Core/Src/tim.c ****     hdma_tim2_ch1.Init.PeriphDataAlignment = DMA_PDATAALIGN_WORD;
  92              		.loc 1 93 5 is_stmt 1 view .LVU22
  93              		.loc 1 93 44 is_stmt 0 view .LVU23
  94 0040 4FF48052 		mov	r2, #4096
  95 0044 4261     		str	r2, [r0, #20]
  94:Core/Src/tim.c ****     hdma_tim2_ch1.Init.MemDataAlignment = DMA_MDATAALIGN_WORD;
  96              		.loc 1 94 5 is_stmt 1 view .LVU24
  97              		.loc 1 94 41 is_stmt 0 view .LVU25
  98 0046 4FF48042 		mov	r2, #16384
  99 004a 8261     		str	r2, [r0, #24]
  95:Core/Src/tim.c ****     hdma_tim2_ch1.Init.Mode = DMA_NORMAL;
 100              		.loc 1 95 5 is_stmt 1 view .LVU26
 101              		.loc 1 95 29 is_stmt 0 view .LVU27
 102 004c C361     		str	r3, [r0, #28]
  96:Core/Src/tim.c ****     hdma_tim2_ch1.Init.Priority = DMA_PRIORITY_LOW;
 103              		.loc 1 96 5 is_stmt 1 view .LVU28
 104              		.loc 1 96 33 is_stmt 0 view .LVU29
 105 004e 0362     		str	r3, [r0, #32]
  97:Core/Src/tim.c ****     hdma_tim2_ch1.Init.FIFOMode = DMA_FIFOMODE_DISABLE;
 106              		.loc 1 97 5 is_stmt 1 view .LVU30
 107              		.loc 1 97 33 is_stmt 0 view .LVU31
 108 0050 4362     		str	r3, [r0, #36]
  98:Core/Src/tim.c ****     if (HAL_DMA_Init(&hdma_tim2_ch1) != HAL_OK)
 109              		.loc 1 98 5 is_stmt 1 view .LVU32
 110              		.loc 1 98 9 is_stmt 0 view .LVU33
 111 0052 FFF7FEFF 		bl	HAL_DMA_Init
 112              	.LVL2:
 113              		.loc 1 98 8 discriminator 1 view .LVU34
 114 0056 20B9     		cbnz	r0, .L9
 115              	.L3:
  99:Core/Src/tim.c ****     {
 100:Core/Src/tim.c ****       Error_Handler();
 101:Core/Src/tim.c ****     }
 102:Core/Src/tim.c **** 
 103:Core/Src/tim.c ****     __HAL_LINKDMA(tim_pwmHandle,hdma[TIM_DMA_ID_CC1],hdma_tim2_ch1);
 116              		.loc 1 103 5 is_stmt 1 view .LVU35
 117              		.loc 1 103 5 view .LVU36
 118 0058 044B     		ldr	r3, .L10+4
 119 005a 6362     		str	r3, [r4, #36]
 120              		.loc 1 103 5 view .LVU37
 121 005c 9C63     		str	r4, [r3, #56]
 122              		.loc 1 103 5 discriminator 1 view .LVU38
 104:Core/Src/tim.c **** 
 105:Core/Src/tim.c ****   /* USER CODE BEGIN TIM2_MspInit 1 */
 106:Core/Src/tim.c **** 
ARM GAS  /tmp/cctD19pC.s 			page 5


 107:Core/Src/tim.c ****   /* USER CODE END TIM2_MspInit 1 */
 108:Core/Src/tim.c ****   }
 109:Core/Src/tim.c **** }
 123              		.loc 1 109 1 is_stmt 0 view .LVU39
 124 005e 02B0     		add	sp, sp, #8
 125              	.LCFI2:
 126              		.cfi_remember_state
 127              		.cfi_def_cfa_offset 8
 128              		@ sp needed
 129 0060 10BD     		pop	{r4, pc}
 130              	.LVL3:
 131              	.L9:
 132              	.LCFI3:
 133              		.cfi_restore_state
 100:Core/Src/tim.c ****     }
 134              		.loc 1 100 7 is_stmt 1 view .LVU40
 135 0062 FFF7FEFF 		bl	Error_Handler
 136              	.LVL4:
 137 0066 F7E7     		b	.L3
 138              	.L11:
 139              		.align	2
 140              	.L10:
 141 0068 00380240 		.word	1073887232
 142 006c 00000000 		.word	hdma_tim2_ch1
 143 0070 88600240 		.word	1073897608
 144              		.cfi_endproc
 145              	.LFE221:
 147              		.section	.text.HAL_TIM_MspPostInit,"ax",%progbits
 148              		.align	1
 149              		.global	HAL_TIM_MspPostInit
 150              		.syntax unified
 151              		.thumb
 152              		.thumb_func
 154              	HAL_TIM_MspPostInit:
 155              	.LVL5:
 156              	.LFB222:
 110:Core/Src/tim.c **** void HAL_TIM_MspPostInit(TIM_HandleTypeDef* timHandle)
 111:Core/Src/tim.c **** {
 157              		.loc 1 111 1 view -0
 158              		.cfi_startproc
 159              		@ args = 0, pretend = 0, frame = 24
 160              		@ frame_needed = 0, uses_anonymous_args = 0
 161              		.loc 1 111 1 is_stmt 0 view .LVU42
 162 0000 00B5     		push	{lr}
 163              	.LCFI4:
 164              		.cfi_def_cfa_offset 4
 165              		.cfi_offset 14, -4
 166 0002 87B0     		sub	sp, sp, #28
 167              	.LCFI5:
 168              		.cfi_def_cfa_offset 32
 112:Core/Src/tim.c **** 
 113:Core/Src/tim.c ****   GPIO_InitTypeDef GPIO_InitStruct = {0};
 169              		.loc 1 113 3 is_stmt 1 view .LVU43
 170              		.loc 1 113 20 is_stmt 0 view .LVU44
 171 0004 0023     		movs	r3, #0
 172 0006 0193     		str	r3, [sp, #4]
 173 0008 0293     		str	r3, [sp, #8]
ARM GAS  /tmp/cctD19pC.s 			page 6


 174 000a 0393     		str	r3, [sp, #12]
 175 000c 0493     		str	r3, [sp, #16]
 176 000e 0593     		str	r3, [sp, #20]
 114:Core/Src/tim.c ****   if(timHandle->Instance==TIM2)
 177              		.loc 1 114 3 is_stmt 1 view .LVU45
 178              		.loc 1 114 15 is_stmt 0 view .LVU46
 179 0010 0368     		ldr	r3, [r0]
 180              		.loc 1 114 5 view .LVU47
 181 0012 B3F1804F 		cmp	r3, #1073741824
 182 0016 02D0     		beq	.L15
 183              	.LVL6:
 184              	.L12:
 115:Core/Src/tim.c ****   {
 116:Core/Src/tim.c ****   /* USER CODE BEGIN TIM2_MspPostInit 0 */
 117:Core/Src/tim.c **** 
 118:Core/Src/tim.c ****   /* USER CODE END TIM2_MspPostInit 0 */
 119:Core/Src/tim.c **** 
 120:Core/Src/tim.c ****     __HAL_RCC_GPIOA_CLK_ENABLE();
 121:Core/Src/tim.c ****     /**TIM2 GPIO Configuration
 122:Core/Src/tim.c ****     PA0-WKUP     ------> TIM2_CH1
 123:Core/Src/tim.c ****     */
 124:Core/Src/tim.c ****     GPIO_InitStruct.Pin = LEDS_PWM_Pin;
 125:Core/Src/tim.c ****     GPIO_InitStruct.Mode = GPIO_MODE_AF_PP;
 126:Core/Src/tim.c ****     GPIO_InitStruct.Pull = GPIO_NOPULL;
 127:Core/Src/tim.c ****     GPIO_InitStruct.Speed = GPIO_SPEED_FREQ_LOW;
 128:Core/Src/tim.c ****     GPIO_InitStruct.Alternate = GPIO_AF1_TIM2;
 129:Core/Src/tim.c ****     HAL_GPIO_Init(LEDS_PWM_GPIO_Port, &GPIO_InitStruct);
 130:Core/Src/tim.c **** 
 131:Core/Src/tim.c ****   /* USER CODE BEGIN TIM2_MspPostInit 1 */
 132:Core/Src/tim.c **** 
 133:Core/Src/tim.c ****   /* USER CODE END TIM2_MspPostInit 1 */
 134:Core/Src/tim.c ****   }
 135:Core/Src/tim.c **** 
 136:Core/Src/tim.c **** }
 185              		.loc 1 136 1 view .LVU48
 186 0018 07B0     		add	sp, sp, #28
 187              	.LCFI6:
 188              		.cfi_remember_state
 189              		.cfi_def_cfa_offset 4
 190              		@ sp needed
 191 001a 5DF804FB 		ldr	pc, [sp], #4
 192              	.LVL7:
 193              	.L15:
 194              	.LCFI7:
 195              		.cfi_restore_state
 120:Core/Src/tim.c ****     /**TIM2 GPIO Configuration
 196              		.loc 1 120 5 is_stmt 1 view .LVU49
 197              	.LBB3:
 120:Core/Src/tim.c ****     /**TIM2 GPIO Configuration
 198              		.loc 1 120 5 view .LVU50
 199 001e 0023     		movs	r3, #0
 200 0020 0093     		str	r3, [sp]
 120:Core/Src/tim.c ****     /**TIM2 GPIO Configuration
 201              		.loc 1 120 5 view .LVU51
 202 0022 0A4B     		ldr	r3, .L16
 203 0024 1A6B     		ldr	r2, [r3, #48]
 204 0026 42F00102 		orr	r2, r2, #1
ARM GAS  /tmp/cctD19pC.s 			page 7


 205 002a 1A63     		str	r2, [r3, #48]
 120:Core/Src/tim.c ****     /**TIM2 GPIO Configuration
 206              		.loc 1 120 5 view .LVU52
 207 002c 1B6B     		ldr	r3, [r3, #48]
 208 002e 03F00103 		and	r3, r3, #1
 209 0032 0093     		str	r3, [sp]
 120:Core/Src/tim.c ****     /**TIM2 GPIO Configuration
 210              		.loc 1 120 5 view .LVU53
 211 0034 009B     		ldr	r3, [sp]
 212              	.LBE3:
 120:Core/Src/tim.c ****     /**TIM2 GPIO Configuration
 213              		.loc 1 120 5 view .LVU54
 124:Core/Src/tim.c ****     GPIO_InitStruct.Mode = GPIO_MODE_AF_PP;
 214              		.loc 1 124 5 view .LVU55
 124:Core/Src/tim.c ****     GPIO_InitStruct.Mode = GPIO_MODE_AF_PP;
 215              		.loc 1 124 25 is_stmt 0 view .LVU56
 216 0036 0123     		movs	r3, #1
 217 0038 0193     		str	r3, [sp, #4]
 125:Core/Src/tim.c ****     GPIO_InitStruct.Pull = GPIO_NOPULL;
 218              		.loc 1 125 5 is_stmt 1 view .LVU57
 125:Core/Src/tim.c ****     GPIO_InitStruct.Pull = GPIO_NOPULL;
 219              		.loc 1 125 26 is_stmt 0 view .LVU58
 220 003a 0222     		movs	r2, #2
 221 003c 0292     		str	r2, [sp, #8]
 126:Core/Src/tim.c ****     GPIO_InitStruct.Speed = GPIO_SPEED_FREQ_LOW;
 222              		.loc 1 126 5 is_stmt 1 view .LVU59
 127:Core/Src/tim.c ****     GPIO_InitStruct.Alternate = GPIO_AF1_TIM2;
 223              		.loc 1 127 5 view .LVU60
 128:Core/Src/tim.c ****     HAL_GPIO_Init(LEDS_PWM_GPIO_Port, &GPIO_InitStruct);
 224              		.loc 1 128 5 view .LVU61
 128:Core/Src/tim.c ****     HAL_GPIO_Init(LEDS_PWM_GPIO_Port, &GPIO_InitStruct);
 225              		.loc 1 128 31 is_stmt 0 view .LVU62
 226 003e 0593     		str	r3, [sp, #20]
 129:Core/Src/tim.c **** 
 227              		.loc 1 129 5 is_stmt 1 view .LVU63
 228 0040 01A9     		add	r1, sp, #4
 229 0042 0348     		ldr	r0, .L16+4
 230              	.LVL8:
 129:Core/Src/tim.c **** 
 231              		.loc 1 129 5 is_stmt 0 view .LVU64
 232 0044 FFF7FEFF 		bl	HAL_GPIO_Init
 233              	.LVL9:
 234              		.loc 1 136 1 view .LVU65
 235 0048 E6E7     		b	.L12
 236              	.L17:
 237 004a 00BF     		.align	2
 238              	.L16:
 239 004c 00380240 		.word	1073887232
 240 0050 00000240 		.word	1073872896
 241              		.cfi_endproc
 242              	.LFE222:
 244              		.section	.text.MX_TIM2_Init,"ax",%progbits
 245              		.align	1
 246              		.global	MX_TIM2_Init
 247              		.syntax unified
 248              		.thumb
 249              		.thumb_func
ARM GAS  /tmp/cctD19pC.s 			page 8


 251              	MX_TIM2_Init:
 252              	.LFB220:
  32:Core/Src/tim.c **** 
 253              		.loc 1 32 1 is_stmt 1 view -0
 254              		.cfi_startproc
 255              		@ args = 0, pretend = 0, frame = 40
 256              		@ frame_needed = 0, uses_anonymous_args = 0
 257 0000 00B5     		push	{lr}
 258              	.LCFI8:
 259              		.cfi_def_cfa_offset 4
 260              		.cfi_offset 14, -4
 261 0002 8BB0     		sub	sp, sp, #44
 262              	.LCFI9:
 263              		.cfi_def_cfa_offset 48
  38:Core/Src/tim.c ****   TIM_OC_InitTypeDef sConfigOC = {0};
 264              		.loc 1 38 3 view .LVU67
  38:Core/Src/tim.c ****   TIM_OC_InitTypeDef sConfigOC = {0};
 265              		.loc 1 38 27 is_stmt 0 view .LVU68
 266 0004 0023     		movs	r3, #0
 267 0006 0893     		str	r3, [sp, #32]
 268 0008 0993     		str	r3, [sp, #36]
  39:Core/Src/tim.c **** 
 269              		.loc 1 39 3 is_stmt 1 view .LVU69
  39:Core/Src/tim.c **** 
 270              		.loc 1 39 22 is_stmt 0 view .LVU70
 271 000a 0193     		str	r3, [sp, #4]
 272 000c 0293     		str	r3, [sp, #8]
 273 000e 0393     		str	r3, [sp, #12]
 274 0010 0493     		str	r3, [sp, #16]
 275 0012 0593     		str	r3, [sp, #20]
 276 0014 0693     		str	r3, [sp, #24]
 277 0016 0793     		str	r3, [sp, #28]
  44:Core/Src/tim.c ****   htim2.Init.Prescaler = 0;
 278              		.loc 1 44 3 is_stmt 1 view .LVU71
  44:Core/Src/tim.c ****   htim2.Init.Prescaler = 0;
 279              		.loc 1 44 18 is_stmt 0 view .LVU72
 280 0018 1748     		ldr	r0, .L26
 281 001a 4FF08042 		mov	r2, #1073741824
 282 001e 0260     		str	r2, [r0]
  45:Core/Src/tim.c ****   htim2.Init.CounterMode = TIM_COUNTERMODE_UP;
 283              		.loc 1 45 3 is_stmt 1 view .LVU73
  45:Core/Src/tim.c ****   htim2.Init.CounterMode = TIM_COUNTERMODE_UP;
 284              		.loc 1 45 24 is_stmt 0 view .LVU74
 285 0020 4360     		str	r3, [r0, #4]
  46:Core/Src/tim.c ****   htim2.Init.Period = 4294967295;
 286              		.loc 1 46 3 is_stmt 1 view .LVU75
  46:Core/Src/tim.c ****   htim2.Init.Period = 4294967295;
 287              		.loc 1 46 26 is_stmt 0 view .LVU76
 288 0022 8360     		str	r3, [r0, #8]
  47:Core/Src/tim.c ****   htim2.Init.ClockDivision = TIM_CLOCKDIVISION_DIV1;
 289              		.loc 1 47 3 is_stmt 1 view .LVU77
  47:Core/Src/tim.c ****   htim2.Init.ClockDivision = TIM_CLOCKDIVISION_DIV1;
 290              		.loc 1 47 21 is_stmt 0 view .LVU78
 291 0024 4FF0FF32 		mov	r2, #-1
 292 0028 C260     		str	r2, [r0, #12]
  48:Core/Src/tim.c ****   htim2.Init.AutoReloadPreload = TIM_AUTORELOAD_PRELOAD_DISABLE;
 293              		.loc 1 48 3 is_stmt 1 view .LVU79
ARM GAS  /tmp/cctD19pC.s 			page 9


  48:Core/Src/tim.c ****   htim2.Init.AutoReloadPreload = TIM_AUTORELOAD_PRELOAD_DISABLE;
 294              		.loc 1 48 28 is_stmt 0 view .LVU80
 295 002a 0361     		str	r3, [r0, #16]
  49:Core/Src/tim.c ****   if (HAL_TIM_PWM_Init(&htim2) != HAL_OK)
 296              		.loc 1 49 3 is_stmt 1 view .LVU81
  49:Core/Src/tim.c ****   if (HAL_TIM_PWM_Init(&htim2) != HAL_OK)
 297              		.loc 1 49 32 is_stmt 0 view .LVU82
 298 002c 8361     		str	r3, [r0, #24]
  50:Core/Src/tim.c ****   {
 299              		.loc 1 50 3 is_stmt 1 view .LVU83
  50:Core/Src/tim.c ****   {
 300              		.loc 1 50 7 is_stmt 0 view .LVU84
 301 002e FFF7FEFF 		bl	HAL_TIM_PWM_Init
 302              	.LVL10:
  50:Core/Src/tim.c ****   {
 303              		.loc 1 50 6 discriminator 1 view .LVU85
 304 0032 C0B9     		cbnz	r0, .L23
 305              	.L19:
  54:Core/Src/tim.c ****   sMasterConfig.MasterSlaveMode = TIM_MASTERSLAVEMODE_DISABLE;
 306              		.loc 1 54 3 is_stmt 1 view .LVU86
  54:Core/Src/tim.c ****   sMasterConfig.MasterSlaveMode = TIM_MASTERSLAVEMODE_DISABLE;
 307              		.loc 1 54 37 is_stmt 0 view .LVU87
 308 0034 0023     		movs	r3, #0
 309 0036 0893     		str	r3, [sp, #32]
  55:Core/Src/tim.c ****   if (HAL_TIMEx_MasterConfigSynchronization(&htim2, &sMasterConfig) != HAL_OK)
 310              		.loc 1 55 3 is_stmt 1 view .LVU88
  55:Core/Src/tim.c ****   if (HAL_TIMEx_MasterConfigSynchronization(&htim2, &sMasterConfig) != HAL_OK)
 311              		.loc 1 55 33 is_stmt 0 view .LVU89
 312 0038 0993     		str	r3, [sp, #36]
  56:Core/Src/tim.c ****   {
 313              		.loc 1 56 3 is_stmt 1 view .LVU90
  56:Core/Src/tim.c ****   {
 314              		.loc 1 56 7 is_stmt 0 view .LVU91
 315 003a 08A9     		add	r1, sp, #32
 316 003c 0E48     		ldr	r0, .L26
 317 003e FFF7FEFF 		bl	HAL_TIMEx_MasterConfigSynchronization
 318              	.LVL11:
  56:Core/Src/tim.c ****   {
 319              		.loc 1 56 6 discriminator 1 view .LVU92
 320 0042 98B9     		cbnz	r0, .L24
 321              	.L20:
  60:Core/Src/tim.c ****   sConfigOC.Pulse = 0;
 322              		.loc 1 60 3 is_stmt 1 view .LVU93
  60:Core/Src/tim.c ****   sConfigOC.Pulse = 0;
 323              		.loc 1 60 20 is_stmt 0 view .LVU94
 324 0044 6023     		movs	r3, #96
 325 0046 0193     		str	r3, [sp, #4]
  61:Core/Src/tim.c ****   sConfigOC.OCPolarity = TIM_OCPOLARITY_HIGH;
 326              		.loc 1 61 3 is_stmt 1 view .LVU95
  61:Core/Src/tim.c ****   sConfigOC.OCPolarity = TIM_OCPOLARITY_HIGH;
 327              		.loc 1 61 19 is_stmt 0 view .LVU96
 328 0048 0022     		movs	r2, #0
 329 004a 0292     		str	r2, [sp, #8]
  62:Core/Src/tim.c ****   sConfigOC.OCFastMode = TIM_OCFAST_DISABLE;
 330              		.loc 1 62 3 is_stmt 1 view .LVU97
  62:Core/Src/tim.c ****   sConfigOC.OCFastMode = TIM_OCFAST_DISABLE;
 331              		.loc 1 62 24 is_stmt 0 view .LVU98
ARM GAS  /tmp/cctD19pC.s 			page 10


 332 004c 0392     		str	r2, [sp, #12]
  63:Core/Src/tim.c ****   if (HAL_TIM_PWM_ConfigChannel(&htim2, &sConfigOC, TIM_CHANNEL_1) != HAL_OK)
 333              		.loc 1 63 3 is_stmt 1 view .LVU99
  63:Core/Src/tim.c ****   if (HAL_TIM_PWM_ConfigChannel(&htim2, &sConfigOC, TIM_CHANNEL_1) != HAL_OK)
 334              		.loc 1 63 24 is_stmt 0 view .LVU100
 335 004e 0592     		str	r2, [sp, #20]
  64:Core/Src/tim.c ****   {
 336              		.loc 1 64 3 is_stmt 1 view .LVU101
  64:Core/Src/tim.c ****   {
 337              		.loc 1 64 7 is_stmt 0 view .LVU102
 338 0050 01A9     		add	r1, sp, #4
 339 0052 0948     		ldr	r0, .L26
 340 0054 FFF7FEFF 		bl	HAL_TIM_PWM_ConfigChannel
 341              	.LVL12:
  64:Core/Src/tim.c ****   {
 342              		.loc 1 64 6 discriminator 1 view .LVU103
 343 0058 58B9     		cbnz	r0, .L25
 344              	.L21:
  71:Core/Src/tim.c **** 
 345              		.loc 1 71 3 is_stmt 1 view .LVU104
 346 005a 0748     		ldr	r0, .L26
 347 005c FFF7FEFF 		bl	HAL_TIM_MspPostInit
 348              	.LVL13:
  73:Core/Src/tim.c **** 
 349              		.loc 1 73 1 is_stmt 0 view .LVU105
 350 0060 0BB0     		add	sp, sp, #44
 351              	.LCFI10:
 352              		.cfi_remember_state
 353              		.cfi_def_cfa_offset 4
 354              		@ sp needed
 355 0062 5DF804FB 		ldr	pc, [sp], #4
 356              	.L23:
 357              	.LCFI11:
 358              		.cfi_restore_state
  52:Core/Src/tim.c ****   }
 359              		.loc 1 52 5 is_stmt 1 view .LVU106
 360 0066 FFF7FEFF 		bl	Error_Handler
 361              	.LVL14:
 362 006a E3E7     		b	.L19
 363              	.L24:
  58:Core/Src/tim.c ****   }
 364              		.loc 1 58 5 view .LVU107
 365 006c FFF7FEFF 		bl	Error_Handler
 366              	.LVL15:
 367 0070 E8E7     		b	.L20
 368              	.L25:
  66:Core/Src/tim.c ****   }
 369              		.loc 1 66 5 view .LVU108
 370 0072 FFF7FEFF 		bl	Error_Handler
 371              	.LVL16:
 372 0076 F0E7     		b	.L21
 373              	.L27:
 374              		.align	2
 375              	.L26:
 376 0078 00000000 		.word	htim2
 377              		.cfi_endproc
 378              	.LFE220:
ARM GAS  /tmp/cctD19pC.s 			page 11


 380              		.section	.text.HAL_TIM_PWM_MspDeInit,"ax",%progbits
 381              		.align	1
 382              		.global	HAL_TIM_PWM_MspDeInit
 383              		.syntax unified
 384              		.thumb
 385              		.thumb_func
 387              	HAL_TIM_PWM_MspDeInit:
 388              	.LVL17:
 389              	.LFB223:
 137:Core/Src/tim.c **** 
 138:Core/Src/tim.c **** void HAL_TIM_PWM_MspDeInit(TIM_HandleTypeDef* tim_pwmHandle)
 139:Core/Src/tim.c **** {
 390              		.loc 1 139 1 view -0
 391              		.cfi_startproc
 392              		@ args = 0, pretend = 0, frame = 0
 393              		@ frame_needed = 0, uses_anonymous_args = 0
 394              		.loc 1 139 1 is_stmt 0 view .LVU110
 395 0000 08B5     		push	{r3, lr}
 396              	.LCFI12:
 397              		.cfi_def_cfa_offset 8
 398              		.cfi_offset 3, -8
 399              		.cfi_offset 14, -4
 140:Core/Src/tim.c **** 
 141:Core/Src/tim.c ****   if(tim_pwmHandle->Instance==TIM2)
 400              		.loc 1 141 3 is_stmt 1 view .LVU111
 401              		.loc 1 141 19 is_stmt 0 view .LVU112
 402 0002 0368     		ldr	r3, [r0]
 403              		.loc 1 141 5 view .LVU113
 404 0004 B3F1804F 		cmp	r3, #1073741824
 405 0008 00D0     		beq	.L31
 406              	.LVL18:
 407              	.L28:
 142:Core/Src/tim.c ****   {
 143:Core/Src/tim.c ****   /* USER CODE BEGIN TIM2_MspDeInit 0 */
 144:Core/Src/tim.c **** 
 145:Core/Src/tim.c ****   /* USER CODE END TIM2_MspDeInit 0 */
 146:Core/Src/tim.c ****     /* Peripheral clock disable */
 147:Core/Src/tim.c ****     __HAL_RCC_TIM2_CLK_DISABLE();
 148:Core/Src/tim.c **** 
 149:Core/Src/tim.c ****     /* TIM2 DMA DeInit */
 150:Core/Src/tim.c ****     HAL_DMA_DeInit(tim_pwmHandle->hdma[TIM_DMA_ID_CC1]);
 151:Core/Src/tim.c ****   /* USER CODE BEGIN TIM2_MspDeInit 1 */
 152:Core/Src/tim.c **** 
 153:Core/Src/tim.c ****   /* USER CODE END TIM2_MspDeInit 1 */
 154:Core/Src/tim.c ****   }
 155:Core/Src/tim.c **** }
 408              		.loc 1 155 1 view .LVU114
 409 000a 08BD     		pop	{r3, pc}
 410              	.LVL19:
 411              	.L31:
 147:Core/Src/tim.c **** 
 412              		.loc 1 147 5 is_stmt 1 view .LVU115
 413 000c 044A     		ldr	r2, .L32
 414 000e 136C     		ldr	r3, [r2, #64]
 415 0010 23F00103 		bic	r3, r3, #1
 416 0014 1364     		str	r3, [r2, #64]
 150:Core/Src/tim.c ****   /* USER CODE BEGIN TIM2_MspDeInit 1 */
ARM GAS  /tmp/cctD19pC.s 			page 12


 417              		.loc 1 150 5 view .LVU116
 418 0016 406A     		ldr	r0, [r0, #36]
 419              	.LVL20:
 150:Core/Src/tim.c ****   /* USER CODE BEGIN TIM2_MspDeInit 1 */
 420              		.loc 1 150 5 is_stmt 0 view .LVU117
 421 0018 FFF7FEFF 		bl	HAL_DMA_DeInit
 422              	.LVL21:
 423              		.loc 1 155 1 view .LVU118
 424 001c F5E7     		b	.L28
 425              	.L33:
 426 001e 00BF     		.align	2
 427              	.L32:
 428 0020 00380240 		.word	1073887232
 429              		.cfi_endproc
 430              	.LFE223:
 432              		.global	hdma_tim2_ch1
 433              		.section	.bss.hdma_tim2_ch1,"aw",%nobits
 434              		.align	2
 437              	hdma_tim2_ch1:
 438 0000 00000000 		.space	96
 438      00000000 
 438      00000000 
 438      00000000 
 438      00000000 
 439              		.global	htim2
 440              		.section	.bss.htim2,"aw",%nobits
 441              		.align	2
 444              	htim2:
 445 0000 00000000 		.space	72
 445      00000000 
 445      00000000 
 445      00000000 
 445      00000000 
 446              		.text
 447              	.Letext0:
 448              		.file 2 "/usr/lib/gcc/arm-none-eabi/13.2.1/include/stdint.h"
 449              		.file 3 "Drivers/CMSIS/Device/ST/STM32F4xx/Include/stm32f411xe.h"
 450              		.file 4 "Drivers/STM32F4xx_HAL_Driver/Inc/stm32f4xx_hal_def.h"
 451              		.file 5 "Drivers/STM32F4xx_HAL_Driver/Inc/stm32f4xx_hal_gpio.h"
 452              		.file 6 "Drivers/STM32F4xx_HAL_Driver/Inc/stm32f4xx_hal_dma.h"
 453              		.file 7 "Drivers/STM32F4xx_HAL_Driver/Inc/stm32f4xx_hal_tim.h"
 454              		.file 8 "Core/Inc/tim.h"
 455              		.file 9 "Drivers/STM32F4xx_HAL_Driver/Inc/stm32f4xx_hal_tim_ex.h"
 456              		.file 10 "Core/Inc/main.h"
ARM GAS  /tmp/cctD19pC.s 			page 13


DEFINED SYMBOLS
                            *ABS*:00000000 tim.c
     /tmp/cctD19pC.s:21     .text.HAL_TIM_PWM_MspInit:00000000 $t
     /tmp/cctD19pC.s:27     .text.HAL_TIM_PWM_MspInit:00000000 HAL_TIM_PWM_MspInit
     /tmp/cctD19pC.s:141    .text.HAL_TIM_PWM_MspInit:00000068 $d
     /tmp/cctD19pC.s:437    .bss.hdma_tim2_ch1:00000000 hdma_tim2_ch1
     /tmp/cctD19pC.s:148    .text.HAL_TIM_MspPostInit:00000000 $t
     /tmp/cctD19pC.s:154    .text.HAL_TIM_MspPostInit:00000000 HAL_TIM_MspPostInit
     /tmp/cctD19pC.s:239    .text.HAL_TIM_MspPostInit:0000004c $d
     /tmp/cctD19pC.s:245    .text.MX_TIM2_Init:00000000 $t
     /tmp/cctD19pC.s:251    .text.MX_TIM2_Init:00000000 MX_TIM2_Init
     /tmp/cctD19pC.s:376    .text.MX_TIM2_Init:00000078 $d
     /tmp/cctD19pC.s:444    .bss.htim2:00000000 htim2
     /tmp/cctD19pC.s:381    .text.HAL_TIM_PWM_MspDeInit:00000000 $t
     /tmp/cctD19pC.s:387    .text.HAL_TIM_PWM_MspDeInit:00000000 HAL_TIM_PWM_MspDeInit
     /tmp/cctD19pC.s:428    .text.HAL_TIM_PWM_MspDeInit:00000020 $d
     /tmp/cctD19pC.s:434    .bss.hdma_tim2_ch1:00000000 $d
     /tmp/cctD19pC.s:441    .bss.htim2:00000000 $d

UNDEFINED SYMBOLS
HAL_DMA_Init
Error_Handler
HAL_GPIO_Init
HAL_TIM_PWM_Init
HAL_TIMEx_MasterConfigSynchronization
HAL_TIM_PWM_ConfigChannel
HAL_DMA_DeInit
